************ [01;31mminiZ[0m v1.9z2 ************
Number of miniZ CUDA>=[8.0] using driver CUDA[11.60] devices found: 6
[01;34mDriver[0m:		[00;35m510.85
[0m[01;34mAlgo[0m:		EQ[[01;33m125,4[0m] [[01;33msmart-pers[0m]
[01;34mPool#0[0m: 	user[[01;33mt1WGq1EG7HdndpvB87kcqAiMAjcxJ96m5zn.profitswitchRP[0m]
		server[[01;33meu-solo-flux.fluxpools.net[0m] port[[01;33m7201[0m] ssl[[01;33mno[0m] pers[[01;33mZelProof[0m]
[01;34mTelemetry[0m:	[http://localhost:[01;33m20000[0m]
[01;34mTemp. limit[0m:	[[01;33m90°C[0m]
[01;36m[INFO   ] [22;36mMining fee set to 2.00%
[0m[01;34mminiZ<125,4>[17:0:00.0: 7819][0m: Selecting GPU#5[5] [01;32mNvidia GeForce RTX 3070[0m
[01;34mminiZ<125,4>[17:0:00.0: 7819][0m: Selecting GPU#4[4] [01;32mZotac GeForce RTX 3070[0m
[01;34mminiZ<125,4>[17:0:00.0: 7819][0m: Selecting GPU#2[2] [01;32mZotac GeForce RTX 3070[0m
[01;34mminiZ<125,4>[17:0:00.0: 7819][0m: Selecting GPU#0[0] [01;32mZotac GeForce RTX 3070[0m
[01;34mminiZ<125,4>[17:0:00.0:24003][0m: Selecting GPU#3[3] [01;32mMSI GeForce RTX 3090 24GB Gaming X Trio[0m
[01;34mminiZ<125,4>[17:0:00.0:23887][0m: Selecting GPU#1[1] [01;32mZotac GeForce RTX 3090[0m
[22;33m[ 0d 0h 0m02s][0m [01;37m422[0m(421.7)Sol/s [0m421[0m(421.3)W
 0>[00;36mRTX 3070     [0m `[00;32m 100% [0m[[01;34m38°C[0m/80%] 28.96 I/s [01;37m 57.78[0m( 57.78)Sol/s  50( 49.9)W clk= 570MHz mclk= 810MHz Sol/W=1.159
 1>[00;36mRTX 3090     [0m `[00;32m 100% [0m[[01;34m42°C[0m/80%] 47.28 I/s [01;37m 94.33[0m( 94.33)Sol/s 136(136.4)W clk=2175MHz mclk=9751MHz Sol/W=0.691
 2>[00;36mRTX 3070     [0m `[00;32m 100% [0m[[01;34m39°C[0m/80%] 28.25 I/s [01;37m 56.36[0m( 56.36)Sol/s  50( 50.1)W clk=2160MHz mclk=7000MHz Sol/W=1.126
 3>[00;36mRTX 3090     [0m `[00;32m 100% [0m[[01;34m34°C[0m/80%] 52.28 I/s [01;37m104.29[0m(104.29)Sol/s 118(117.9)W clk=2160MHz mclk=9751MHz Sol/W=0.885
 4>[00;36mRTX 3070     [0m `[00;32m 100% [0m[[01;34m38°C[0m/80%] 27.38 I/s [01;37m 54.63[0m( 54.63)Sol/s  35( 35.5)W clk=2205MHz mclk=7000MHz Sol/W=1.540
 5>[00;36mRTX 3070     [0m `[00;32m 100% [0m[[01;34m32°C[0m/80%] 27.21 I/s [01;37m 54.29[0m( 54.29)Sol/s  32( 31.6)W clk=2220MHz mclk=7000MHz Sol/W=1.717
[0m[ 0d 0h 0m10s][0m [01;37m411[0m(411.4)Sol/s [0m962[0m(962.2)W
 0>[00;36mRTX 3070     [0m `[00;32m 100% [0m[[01;34m45°C[0m/80%][01;32m*[0m28.87 I/s [01;37m 57.59[0m( 57.59)Sol/s 117(116.6)W clk=1545MHz mclk=6800MHz Sol/W=0.494
 1>[00;36mRTX 3090     [0m `[00;32m 100% [0m[[00;32m50°C[0m/79%][01;32m*[0m41.80 I/s [01;37m 83.40[0m( 83.40)Sol/s 247(247.2)W clk=1650MHz mclk=9501MHz Sol/W=0.337
 2>[00;36mRTX 3070     [0m `[00;32m 100% [0m[[01;34m44°C[0m/79%][01;32m*[0m28.23 I/s [01;37m 56.31[0m( 56.31)Sol/s 116(116.4)W clk=1515MHz mclk=6800MHz Sol/W=0.484
 3>[00;36mRTX 3090     [0m `[00;32m 100% [0m[[01;34m43°C[0m/79%][01;32m*[0m51.19 I/s [01;37m102.11[0m(102.11)Sol/s 272(272.1)W clk=1635MHz mclk=9501MHz Sol/W=0.375
 4>[00;36mRTX 3070     [0m `[00;32m 100% [0m[[01;34m42°C[0m/80%][01;32m*[0m27.76 I/s [01;37m 55.38[0m( 55.38)Sol/s 102(102.2)W clk=1470MHz mclk=6800MHz Sol/W=0.542
 5>[00;36mRTX 3070     [0m `[00;32m 100% [0m[[01;34m38°C[0m/79%] 28.39 I/s [01;37m 56.65[0m( 56.65)Sol/s 108(107.7)W clk=1515MHz mclk=6800MHz Sol/W=0.526
[0m[ 0d 0h 0m20s][0m [01;37m414[0m(413.9)Sol/s [0m986[0m(985.6)W
 0>[00;36mRTX 3070     [0m `[00;32m 100% [0m[[01;34m47°C[0m/80%][01;32m*[0m28.85 I/s [01;37m 58.44[0m( 58.44)Sol/s 119(119.1)W clk=1545MHz mclk=6800MHz Sol/W=0.490
 1>[00;36mRTX 3090     [0m `[00;32m 100% [0m[[00;32m52°C[0m/80%] 41.22 I/s [01;37m 84.19[0m( 84.19)Sol/s 253(253.0)W clk=1470MHz mclk=9501MHz Sol/W=0.333
 2>[00;36mRTX 3070     [0m `[00;32m 100% [0m[[01;34m47°C[0m/80%][01;32m*[0m28.23 I/s [01;37m 54.77[0m( 54.77)Sol/s 119(119.2)W clk=1515MHz mclk=6800MHz Sol/W=0.460
 3>[00;36mRTX 3090     [0m `[00;32m 100% [0m[[01;34m46°C[0m/80%][01;32m*[0m51.07 I/s [01;37m106.50[0m(106.50)Sol/s 278(278.0)W clk=1635MHz mclk=9501MHz Sol/W=0.383
 4>[00;36mRTX 3070     [0m `[00;32m 100% [0m[[01;34m44°C[0m/80%] 27.64 I/s [01;37m 53.60[0m( 53.60)Sol/s 105(105.2)W clk=1470MHz mclk=6800MHz Sol/W=0.509
 5>[00;36mRTX 3070     [0m `[00;32m 100% [0m[[01;34m41°C[0m/79%][01;32m*[0m28.42 I/s [01;37m 56.79[0m( 56.79)Sol/s 111(111.1)W clk=1515MHz mclk=6800MHz Sol/W=0.511
[22;33m[WARNING] [01;37m[0mStale share: job not found
[0m[22;33m[ 0d 0h 0m30s][0m [01;37m417[0m(416.6)Sol/s [0m988[0m(988.4)W
 0>[00;36mRTX 3070     [0m `[00;32m 100% [0m[[01;34m48°C[0m/80%][01;32m*[0m28.81 I/s [01;37m 59.71[0m( 59.71)Sol/s 120(119.5)W clk=1530MHz mclk=6800MHz Sol/W=0.500
 1>[00;36mRTX 3090     [0m `[00;32m 100% [0m[[00;32m53°C[0m/80%][01;33m*[0m41.39 I/s [01;37m 86.11[0m( 86.11)Sol/s 254(253.5)W clk=1590MHz mclk=9501MHz Sol/W=0.340
 2>[00;36mRTX 3070     [0m `[00;32m 100% [0m[[01;34m48°C[0m/80%][01;32m*[0m28.16 I/s [01;37m 55.69[0m( 55.69)Sol/s 120(119.5)W clk=1470MHz mclk=6800MHz Sol/W=0.466
 3>[00;36mRTX 3090     [0m `[00;32m 100% [0m[[01;34m48°C[0m/80%][01;32m*[0m50.97 I/s [01;37m102.91[0m(102.91)Sol/s 279(278.7)W clk=1605MHz mclk=9501MHz Sol/W=0.369
 4>[00;36mRTX 3070     [0m `[00;32m 100% [0m[[01;34m45°C[0m/80%] 27.83 I/s [01;37m 55.35[0m( 55.35)Sol/s 106(105.6)W clk=1485MHz mclk=6800MHz Sol/W=0.524
 5>[00;36mRTX 3070     [0m `[00;32m 100% [0m[[01;34m44°C[0m/80%][01;32m*[0m28.36 I/s [01;37m 56.96[0m( 56.96)Sol/s 112(111.5)W clk=1500MHz mclk=6800MHz Sol/W=0.511
[0m[ 0d 0h 0m40s][0m [01;37m416[0m(416.5)Sol/s [0m989[0m(989.0)W
 0>[00;36mRTX 3070     [0m `[00;32m 100% [0m[[01;34m49°C[0m/80%] 28.78 I/s [01;37m 56.90[0m( 56.90)Sol/s 120(119.6)W clk=1530MHz mclk=6800MHz Sol/W=0.476
 1>[00;36mRTX 3090     [0m `[00;32m 100% [0m[[00;32m55°C[0m/80%][01;32m*[0m40.26 I/s [01;37m 84.07[0m( 84.07)Sol/s 253(253.2)W clk=1365MHz mclk=9501MHz Sol/W=0.332
 2>[00;36mRTX 3070     [0m `[00;32m 100% [0m[[00;32m50°C[0m/80%][01;32m*[0m28.20 I/s [01;37m 56.94[0m( 56.94)Sol/s 120(119.6)W clk=1515MHz mclk=6800MHz Sol/W=0.476
 3>[00;36mRTX 3090     [0m `[00;32m 100% [0m[[01;34m49°C[0m/80%][01;32m*[0m50.89 I/s [01;37m104.12[0m(104.12)Sol/s 279(279.1)W clk=1620MHz mclk=9501MHz Sol/W=0.373
 4>[00;36mRTX 3070     [0m `[00;32m 100% [0m[[01;34m46°C[0m/80%] 27.85 I/s [01;37m 56.26[0m( 56.26)Sol/s 106(105.7)W clk=1500MHz mclk=6800MHz Sol/W=0.532
 5>[00;36mRTX 3070     [0m `[00;32m 100% [0m[[01;34m45°C[0m/80%][01;32m*[0m28.23 I/s [01;37m 57.90[0m( 57.90)Sol/s 112(111.7)W clk=1470MHz mclk=6800MHz Sol/W=0.518
[0m[ 0d 0h 0m50s][0m [01;37m416[0m(416.2)Sol/s [0m990[0m(989.5)W
 0>[00;36mRTX 3070     [0m `[00;32m 100% [0m[[00;32m50°C[0m/80%][01;32m*[0m28.71 I/s [01;37m 56.72[0m( 56.72)Sol/s 120(119.7)W clk=1530MHz mclk=6800MHz Sol/W=0.474
 1>[00;36mRTX 3090     [0m `[00;32m 100% [0m[[00;32m57°C[0m/80%][01;32m*[0m40.87 I/s [01;37m 84.28[0m( 84.28)Sol/s 253(253.4)W clk=1335MHz mclk=9501MHz Sol/W=0.333
 2>[00;36mRTX 3070     [0m `[00;32m 100% [0m[[00;32m50°C[0m/80%][01;32m*[0m28.25 I/s [01;37m 57.71[0m( 57.71)Sol/s 120(119.7)W clk=1515MHz mclk=6800MHz Sol/W=0.482
 3>[00;36mRTX 3090     [0m `[00;32m 100% [0m[[00;32m51°C[0m/80%][01;32m*[0m50.99 I/s [01;37m104.93[0m(104.93)Sol/s 279(279.2)W clk=1620MHz mclk=9501MHz Sol/W=0.376
 4>[00;36mRTX 3070     [0m `[00;32m 100% [0m[[01;34m47°C[0m/80%][01;32m*[0m27.85 I/s [01;37m 56.32[0m( 56.32)Sol/s 106(105.8)W clk=1485MHz mclk=6800MHz Sol/W=0.532
 5>[00;36mRTX 3070     [0m `[00;32m 100% [0m[[01;34m46°C[0m/80%][01;32m*[0m28.15 I/s [01;37m 56.84[0m( 56.84)Sol/s 112(111.8)W clk=1500MHz mclk=6800MHz Sol/W=0.509
[0m[ 0d 0h 1m00s][0m [01;37m420[0m(420.0)Sol/s [0m990[0m(989.9)W
 0>[00;36mRTX 3070     [0m `[00;32m 100% [0m[[00;32m51°C[0m/80%][01;32m*[0m28.69 I/s [01;37m 57.83[0m( 57.83)Sol/s 120(119.7)W clk=1545MHz mclk=6800MHz Sol/W=0.483
 1>[00;36mRTX 3090     [0m `[00;32m 100% [0m[[00;32m58°C[0m/80%][01;32m*[0m41.03 I/s [01;37m 85.63[0m( 85.63)Sol/s 254(253.7)W clk=1365MHz mclk=9501MHz Sol/W=0.338
 2>[00;36mRTX 3070     [0m `[00;32m 100% [0m[[00;32m51°C[0m/80%][01;32m*[0m28.25 I/s [01;37m 57.97[0m( 57.97)Sol/s 120(119.7)W clk=1485MHz mclk=6800MHz Sol/W=0.484
 3>[00;36mRTX 3090     [0m `[00;32m 100% [0m[[00;32m52°C[0m/80%][01;32m*[0m51.01 I/s [01;37m105.39[0m(105.39)Sol/s 279(279.3)W clk=1620MHz mclk=9501MHz Sol/W=0.377
 4>[00;36mRTX 3070     [0m `[00;32m 100% [0m[[01;34m48°C[0m/80%][01;32m*[0m27.83 I/s [01;37m 56.60[0m( 56.60)Sol/s 106(105.8)W clk=1470MHz mclk=6800MHz Sol/W=0.535
 5>[00;36mRTX 3070     [0m `[00;32m 100% [0m[[01;34m47°C[0m/80%][01;32m*[0m28.16 I/s [01;37m 57.04[0m( 57.04)Sol/s 112(111.8)W clk=1515MHz mclk=6800MHz Sol/W=0.510
[22;33m[ 0d 0h 1m10s][0m [01;37m417[0m(417.0)Sol/s [0m991[0m(990.5)W
 0>[00;36mRTX 3070     [0m `[00;32m 100% [0m[[00;32m52°C[0m/80%][01;32m*[0m28.66 I/s [01;37m 58.04[0m( 58.04)Sol/s 120(119.8)W clk=1530MHz mclk=6800MHz Sol/W=0.485
 1>[00;36mRTX 3090     [0m `[00;32m 100% [0m[[00;32m59°C[0m/80%][01;32m*[0m41.03 I/s [01;37m 84.57[0m( 84.57)Sol/s 254(254.0)W clk=1305MHz mclk=9501MHz Sol/W=0.333
 2>[00;36mRTX 3070     [0m `[00;32m 100% [0m[[00;32m52°C[0m/80%][01;32m*[0m28.24 I/s [01;37m 58.16[0m( 58.16)Sol/s 120(119.7)W clk=1515MHz mclk=6800MHz Sol/W=0.486
 3>[00;36mRTX 3090     [0m `[00;32m 100% [0m[[00;32m53°C[0m/80%][01;32m*[0m51.00 I/s [01;37m103.88[0m(103.88)Sol/s 279(279.4)W clk=1620MHz mclk=9501MHz Sol/W=0.372
 4>[00;36mRTX 3070     [0m `[00;32m 100% [0m[[01;34m49°C[0m/80%][01;32m*[0m27.81 I/s [01;37m 56.04[0m( 56.04)Sol/s 106(105.8)W clk=1500MHz mclk=6800MHz Sol/W=0.530
 5>[00;36mRTX 3070     [0m `[00;32m 100% [0m[[01;34m47°C[0m/80%][01;32m*[0m28.18 I/s [01;37m 56.37[0m( 56.37)Sol/s 112(111.8)W clk=1500MHz mclk=6800MHz Sol/W=0.504
[0m[ 0d 0h 1m20s][0m [01;37m416[0m(416.4)Sol/s [0m991[0m(990.6)W
 0>[00;36mRTX 3070     [0m `[00;32m 100% [0m[[00;32m52°C[0m/80%] 28.64 I/s [01;37m 58.40[0m( 58.40)Sol/s 120(119.8)W clk=1545MHz mclk=6800MHz Sol/W=0.488
 1>[00;36mRTX 3090     [0m `[00;32m 100% [0m[[00;33m60°C[0m/80%][01;32m*[0m40.72 I/s [01;37m 83.51[0m( 83.51)Sol/s 254(254.1)W clk=1440MHz mclk=9501MHz Sol/W=0.329
 2>[00;36mRTX 3070     [0m `[00;32m 100% [0m[[00;32m53°C[0m/80%] 28.23 I/s [01;37m 58.19[0m( 58.19)Sol/s 120(119.7)W clk=1515MHz mclk=6800MHz Sol/W=0.486
 3>[00;36mRTX 3090     [0m `[00;32m 100% [0m[[00;32m53°C[0m/80%] 50.98 I/s [01;37m104.16[0m(104.16)Sol/s 280(279.4)W clk=1620MHz mclk=9501MHz Sol/W=0.373
 4>[00;36mRTX 3070     [0m `[00;32m 100% [0m[[00;32m50°C[0m/80%] 27.85 I/s [01;37m 56.33[0m( 56.33)Sol/s 106(105.8)W clk=1470MHz mclk=6800MHz Sol/W=0.532
 5>[00;36mRTX 3070     [0m `[00;32m 100% [0m[[01;34m48°C[0m/80%] 28.19 I/s [01;37m 55.99[0m( 55.99)Sol/s 112(111.8)W clk=1500MHz mclk=6800MHz Sol/W=0.501
[0m[ 0d 0h 1m30s][0m [01;37m413[0m(412.7)Sol/s [0m990[0m(990.2)W
 0>[00;36mRTX 3070     [0m `[00;32m 100% [0m[[00;32m53°C[0m/80%] 28.59 I/s [01;37m 57.64[0m( 57.64)Sol/s 120(119.8)W clk=1530MHz mclk=6800MHz Sol/W=0.481
 1>[00;36mRTX 3090     [0m `[00;32m 100% [0m[[00;33m60°C[0m/80%] 40.59 I/s [01;37m 82.55[0m( 82.55)Sol/s 253(253.6)W clk=1800MHz mclk=9501MHz Sol/W=0.325
 2>[00;36mRTX 3070     [0m `[00;32m 100% [0m[[00;32m54°C[0m/80%] 28.21 I/s [01;37m 57.46[0m( 57.46)Sol/s 120(119.7)W clk=1515MHz mclk=6800MHz Sol/W=0.480
 3>[00;36mRTX 3090     [0m `[00;32m 100% [0m[[00;32m54°C[0m/80%] 50.93 I/s [01;37m103.97[0m(103.97)Sol/s 279(279.4)W clk=1620MHz mclk=9501MHz Sol/W=0.372
 4>[00;36mRTX 3070     [0m `[00;32m 100% [0m[[00;32m50°C[0m/80%] 27.90 I/s [01;37m 56.11[0m( 56.11)Sol/s 106(105.8)W clk=1500MHz mclk=6800MHz Sol/W=0.530
 5>[00;36mRTX 3070     [0m `[00;32m 100% [0m[[01;34m48°C[0m/80%] 28.18 I/s [01;37m 55.33[0m( 55.33)Sol/s 112(111.8)W clk=1500MHz mclk=6800MHz Sol/W=0.495
[0m[ 0d 0h 1m40s][0m [01;37m412[0m(412.4)Sol/s [0m991[0m(990.4)W
 0>[00;36mRTX 3070     [0m `[00;32m 100% [0m[[00;32m53°C[0m/80%] 28.57 I/s [01;37m 57.76[0m( 57.76)Sol/s 120(119.8)W clk=1530MHz mclk=6800MHz Sol/W=0.482
 1>[00;36mRTX 3090     [0m `[00;32m 100% [0m[[00;33m61°C[0m/80%] 41.04 I/s [01;37m 83.40[0m( 83.40)Sol/s 254(253.8)W clk=1305MHz mclk=9501MHz Sol/W=0.329
 2>[00;36mRTX 3070     [0m `[00;32m 100% [0m[[00;32m54°C[0m/80%] 28.19 I/s [01;37m 56.99[0m( 56.99)Sol/s 120(119.7)W clk=1515MHz mclk=6800MHz Sol/W=0.476
 3>[00;36mRTX 3090     [0m `[00;32m 100% [0m[[00;32m55°C[0m/80%] 50.91 I/s [01;37m102.68[0m(102.68)Sol/s 280(279.5)W clk=1620MHz mclk=9501MHz Sol/W=0.367
 4>[00;36mRTX 3070     [0m `[00;32m 100% [0m[[00;32m51°C[0m/80%] 27.89 I/s [01;37m 55.80[0m( 55.80)Sol/s 106(105.8)W clk=1500MHz mclk=6800MHz Sol/W=0.527
 5>[00;36mRTX 3070     [0m `[00;32m 100% [0m[[01;34m48°C[0m/80%] 28.16 I/s [01;37m 55.36[0m( 55.36)Sol/s 112(111.8)W clk=1500MHz mclk=6800MHz Sol/W=0.495
[0m[ 0d 0h 1m50s][0m [01;37m412[0m(411.8)Sol/s [0m991[0m(990.6)W
 0>[00;36mRTX 3070     [0m `[00;32m 100% [0m[[00;32m54°C[0m/80%] 28.55 I/s [01;37m 57.57[0m( 57.57)Sol/s 120(119.8)W clk=1530MHz mclk=6800MHz Sol/W=0.481
 1>[00;36mRTX 3090     [0m `[00;32m 100% [0m[[00;33m62°C[0m/80%] 40.91 I/s [01;37m 83.55[0m( 83.55)Sol/s 254(253.9)W clk=1320MHz mclk=9501MHz Sol/W=0.329
 2>[00;36mRTX 3070     [0m `[00;32m 100% [0m[[00;32m55°C[0m/80%] 28.16 I/s [01;37m 57.21[0m( 57.21)Sol/s 120(119.8)W clk=1485MHz mclk=6800MHz Sol/W=0.478
 3>[00;36mRTX 3090     [0m `[00;32m 100% [0m[[00;32m55°C[0m/80%] 50.87 I/s [01;37m102.21[0m(102.21)Sol/s 279(279.4)W clk=1605MHz mclk=9501MHz Sol/W=0.366
 4>[00;36mRTX 3070     [0m `[00;32m 100% [0m[[00;32m51°C[0m/80%] 27.88 I/s [01;37m 55.75[0m( 55.75)Sol/s 106(105.8)W clk=1470MHz mclk=6800MHz Sol/W=0.527
 5>[00;36mRTX 3070     [0m `[00;32m 100% [0m[[01;34m49°C[0m/80%] 28.15 I/s [01;37m 55.53[0m( 55.53)Sol/s 112(111.8)W clk=1500MHz mclk=6800MHz Sol/W=0.497
[0m[ 0d 0h 2m00s][0m [01;37m412[0m(411.8)Sol/s [0m991[0m(990.7)W
 0>[00;36mRTX 3070     [0m `[00;32m 100% [0m[[00;32m55°C[0m/80%] 28.55 I/s [01;37m 57.24[0m( 57.24)Sol/s 120(119.8)W clk=1500MHz mclk=6800MHz Sol/W=0.478
 1>[00;36mRTX 3090     [0m `[00;32m 100% [0m[[00;33m62°C[0m/80%] 41.28 I/s [01;37m 84.74[0m( 84.74)Sol/s 254(254.1)W clk=1290MHz mclk=9501MHz Sol/W=0.334
 2>[00;36mRTX 3070     [0m `[00;32m 100% [0m[[00;32m55°C[0m/80%] 28.14 I/s [01;37m 56.63[0m( 56.63)Sol/s 120(119.8)W clk=1470MHz mclk=6800MHz Sol/W=0.473
 3>[00;36mRTX 3090     [0m `[00;32m 100% [0m[[00;32m55°C[0m/80%] 50.84 I/s [01;37m102.01[0m(102.01)Sol/s 279(279.4)W clk=1605MHz mclk=9501MHz Sol/W=0.365
 4>[00;36mRTX 3070     [0m `[00;32m 100% [0m[[00;32m52°C[0m/80%] 27.86 I/s [01;37m 55.82[0m( 55.82)Sol/s 106(105.8)W clk=1470MHz mclk=6800MHz Sol/W=0.527
 5>[00;36mRTX 3070     [0m `[00;32m 100% [0m[[01;34m49°C[0m/80%][01;32m*[0m28.14 I/s [01;37m 55.63[0m( 55.63)Sol/s 112(111.8)W clk=1500MHz mclk=6800MHz Sol/W=0.497
[22;33m[ 0d 0h 2m10s][0m [01;37m410[0m(410.5)Sol/s [0m991[0m(990.9)W
 0>[00;36mRTX 3070     [0m `[00;32m 100% [0m[[00;32m55°C[0m/80%] 28.55 I/s [01;37m 56.82[0m( 56.82)Sol/s 120(119.8)W clk=1530MHz mclk=6800MHz Sol/W=0.474
 1>[00;36mRTX 3090     [0m `[00;32m 100% [0m[[00;33m62°C[0m/80%] 41.85 I/s [01;37m 84.89[0m( 84.89)Sol/s 255(254.2)W clk=1335MHz mclk=9501MHz Sol/W=0.334
 2>[00;36mRTX 3070     [0m `[00;32m 100% [0m[[00;32m55°C[0m/80%] 28.08 I/s [01;37m 55.99[0m( 55.99)Sol/s 120(119.8)W clk=1500MHz mclk=6800MHz Sol/W=0.467
 3>[00;36mRTX 3090     [0m `[00;32m 100% [0m[[00;32m55°C[0m/80%] 50.78 I/s [01;37m102.41[0m(102.41)Sol/s 279(279.4)W clk=1605MHz mclk=9501MHz Sol/W=0.366
 4>[00;36mRTX 3070     [0m `[00;32m 100% [0m[[00;32m52°C[0m/80%] 27.82 I/s [01;37m 55.63[0m( 55.63)Sol/s 106(105.8)W clk=1470MHz mclk=6800MHz Sol/W=0.526
 5>[00;36mRTX 3070     [0m `[00;32m 100% [0m[[01;34m49°C[0m/80%] 28.11 I/s [01;37m 54.96[0m( 54.96)Sol/s 112(111.8)W clk=1500MHz mclk=6800MHz Sol/W=0.491
[0m[ 0d 0h 2m20s][0m [01;37m410[0m(409.7)Sol/s [0m991[0m(990.9)W
 0>[00;36mRTX 3070     [0m `[00;32m 100% [0m[[00;32m55°C[0m/80%] 28.54 I/s [01;37m 56.40[0m( 56.40)Sol/s 120(119.8)W clk=1515MHz mclk=6800MHz Sol/W=0.471
 1>[00;36mRTX 3090     [0m `[00;32m 100% [0m[[00;33m63°C[0m/80%] 41.67 I/s [01;37m 83.83[0m( 83.83)Sol/s 254(254.2)W clk=1365MHz mclk=9501MHz Sol/W=0.330
 2>[00;36mRTX 3070     [0m `[00;32m 100% [0m[[00;32m56°C[0m/80%] 28.05 I/s [01;37m 55.43[0m( 55.43)Sol/s 120(119.8)W clk=1500MHz mclk=6800MHz Sol/W=0.463
 3>[00;36mRTX 3090     [0m `[00;32m 100% [0m[[00;32m56°C[0m/80%] 50.75 I/s [01;37m102.11[0m(102.11)Sol/s 279(279.4)W clk=1605MHz mclk=9501MHz Sol/W=0.365
 4>[00;36mRTX 3070     [0m `[00;32m 100% [0m[[00;32m53°C[0m/80%] 27.80 I/s [01;37m 55.68[0m( 55.68)Sol/s 106(105.8)W clk=1485MHz mclk=6800MHz Sol/W=0.526
 5>[00;36mRTX 3070     [0m `[00;32m 100% [0m[[01;34m49°C[0m/81%] 28.11 I/s [01;37m 55.76[0m( 55.76)Sol/s 112(111.8)W clk=1500MHz mclk=6800MHz Sol/W=0.499
[0m[ 0d 0h 2m30s][0m [01;37m409[0m(409.2)Sol/s [0m991[0m(990.9)W
 0>[00;36mRTX 3070     [0m `[00;32m 100% [0m[[00;32m56°C[0m/80%] 28.52 I/s [01;37m 56.47[0m( 56.47)Sol/s 120(119.8)W clk=1515MHz mclk=6800MHz Sol/W=0.471
 1>[00;36mRTX 3090     [0m `[00;32m 100% [0m[[00;33m63°C[0m/80%] 41.73 I/s [01;37m 83.97[0m( 83.97)Sol/s 255(254.2)W clk=1305MHz mclk=9501MHz Sol/W=0.330
 2>[00;36mRTX 3070     [0m `[00;32m 100% [0m[[00;32m56°C[0m/80%][01;32m*[0m28.02 I/s [01;37m 55.38[0m( 55.38)Sol/s 120(119.8)W clk=1440MHz mclk=6800MHz Sol/W=0.462
 3>[00;36mRTX 3090     [0m `[00;32m 100% [0m[[00;32m56°C[0m/80%] 50.72 I/s [01;37m101.75[0m(101.75)Sol/s 279(279.4)W clk=1590MHz mclk=9501MHz Sol/W=0.364
 4>[00;36mRTX 3070     [0m `[00;32m 100% [0m[[00;32m53°C[0m/80%] 27.79 I/s [01;37m 55.74[0m( 55.74)Sol/s 106(105.8)W clk=1500MHz mclk=6800MHz Sol/W=0.527
 5>[00;36mRTX 3070     [0m `[00;32m 100% [0m[[01;34m49°C[0m/80%] 28.11 I/s [01;37m 55.58[0m( 55.58)Sol/s 112(111.9)W clk=1500MHz mclk=6800MHz Sol/W=0.497
[0m[ 0d 0h 2m40s][0m [01;37m409[0m(408.9)Sol/s [0m991[0m(991.0)W
 0>[00;36mRTX 3070     [0m `[00;32m 100% [0m[[00;32m56°C[0m/80%] 28.51 I/s [01;37m 56.21[0m( 56.21)Sol/s 120(119.8)W clk=1485MHz mclk=6800MHz Sol/W=0.469
 1>[00;36mRTX 3090     [0m `[00;32m 100% [0m[[00;33m64°C[0m/80%] 41.80 I/s [01;37m 84.21[0m( 84.21)Sol/s 255(254.3)W clk=1335MHz mclk=9501MHz Sol/W=0.331
 2>[00;36mRTX 3070     [0m `[00;32m 100% [0m[[00;32m56°C[0m/80%] 27.99 I/s [01;37m 54.99[0m( 54.99)Sol/s 120(119.8)W clk=1470MHz mclk=6800MHz Sol/W=0.459
 3>[00;36mRTX 3090     [0m `[00;32m 100% [0m[[00;32m56°C[0m/81%] 50.70 I/s [01;37m101.80[0m(101.80)Sol/s 279(279.4)W clk=1605MHz mclk=9501MHz Sol/W=0.364
 4>[00;36mRTX 3070     [0m `[00;32m 100% [0m[[00;32m53°C[0m/80%] 27.77 I/s [01;37m 55.96[0m( 55.96)Sol/s 106(105.8)W clk=1485MHz mclk=6800MHz Sol/W=0.529
 5>[00;36mRTX 3070     [0m `[00;32m 100% [0m[[01;34m49°C[0m/81%] 28.11 I/s [01;37m 55.50[0m( 55.50)Sol/s 112(111.9)W clk=1500MHz mclk=6800MHz Sol/W=0.496
[0m[ 0d 0h 2m50s][0m [01;37m407[0m(407.0)Sol/s [0m990[0m(990.8)W
 0>[00;36mRTX 3070     [0m `[00;32m 100% [0m[[00;32m56°C[0m/80%] 28.48 I/s [01;37m 55.86[0m( 55.86)Sol/s 120(119.8)W clk=1515MHz mclk=6800MHz Sol/W=0.466
 1>[00;36mRTX 3090     [0m `[00;32m 100% [0m[[00;33m64°C[0m/80%] 41.22 I/s [01;37m 82.93[0m( 82.93)Sol/s 254(254.1)W clk=1710MHz mclk=9501MHz Sol/W=0.326
 2>[00;36mRTX 3070     [0m `[00;32m 100% [0m[[00;32m57°C[0m/80%] 27.94 I/s [01;37m 54.88[0m( 54.88)Sol/s 120(119.8)W clk=1500MHz mclk=6800MHz Sol/W=0.458
 3>[00;36mRTX 3090     [0m `[00;32m 100% [0m[[00;32m57°C[0m/80%] 50.66 I/s [01;37m101.50[0m(101.50)Sol/s 279(279.4)W clk=1605MHz mclk=9501MHz Sol/W=0.363
 4>[00;36mRTX 3070     [0m `[00;32m 100% [0m[[00;32m54°C[0m/80%] 27.73 I/s [01;37m 56.19[0m( 56.19)Sol/s 106(105.8)W clk=1470MHz mclk=6800MHz Sol/W=0.531
 5>[00;36mRTX 3070     [0m `[00;32m 100% [0m[[01;34m49°C[0m/80%] 28.12 I/s [01;37m 55.51[0m( 55.51)Sol/s 112(111.9)W clk=1485MHz mclk=6800MHz Sol/W=0.496
[22;33m[ 0d 0h 3m00s][0m [01;37m408[0m(407.6)Sol/s [0m991[0m(990.8)W
 0>[00;36mRTX 3070     [0m `[00;32m 100% [0m[[00;32m56°C[0m/80%] 28.46 I/s [01;37m 55.85[0m( 55.85)Sol/s 120(119.8)W clk=1500MHz mclk=6800MHz Sol/W=0.466
 1>[00;36mRTX 3090     [0m `[00;32m 100% [0m[[00;33m64°C[0m/80%][01;32m*[0m41.35 I/s [01;37m 83.42[0m( 83.42)Sol/s 254(254.1)W clk=1335MHz mclk=9501MHz Sol/W=0.328
 2>[00;36mRTX 3070     [0m `[00;32m 100% [0m[[00;32m57°C[0m/80%] 27.91 I/s [01;37m 54.51[0m( 54.51)Sol/s 120(119.8)W clk=1395MHz mclk=6800MHz Sol/W=0.455
 3>[00;36mRTX 3090     [0m `[00;32m 100% [0m[[00;32m57°C[0m/80%] 50.64 I/s [01;37m101.53[0m(101.53)Sol/s 279(279.4)W clk=1605MHz mclk=9501MHz Sol/W=0.363
 4>[00;36mRTX 3070     [0m `[00;32m 100% [0m[[00;32m54°C[0m/80%] 27.71 I/s [01;37m 56.23[0m( 56.23)Sol/s 106(105.8)W clk=1470MHz mclk=6800MHz Sol/W=0.531
 5>[00;36mRTX 3070     [0m `[00;32m 100% [0m[[01;34m49°C[0m/80%] 28.12 I/s [01;37m 55.71[0m( 55.71)Sol/s 112(111.8)W clk=1500MHz mclk=6800MHz Sol/W=0.498
[0m[ 0d 0h 3m10s][0m [01;37m407[0m(407.0)Sol/s [0m991[0m(990.9)W
 0>[00;36mRTX 3070     [0m `[00;32m 100% [0m[[00;32m57°C[0m/80%] 28.45 I/s [01;37m 55.69[0m( 55.69)Sol/s 120(119.8)W clk=1470MHz mclk=6800MHz Sol/W=0.465
 1>[00;36mRTX 3090     [0m `[00;32m 100% [0m[[00;33m65°C[0m/80%] 41.43 I/s [01;37m 83.73[0m( 83.72)Sol/s 254(254.2)W clk=1290MHz mclk=9501MHz Sol/W=0.329
 2>[00;36mRTX 3070     [0m `[00;32m 100% [0m[[00;32m57°C[0m/80%] 27.88 I/s [01;37m 54.49[0m( 54.49)Sol/s 120(119.8)W clk=1485MHz mclk=6800MHz Sol/W=0.455
 3>[00;36mRTX 3090     [0m `[00;32m 100% [0m[[00;32m57°C[0m/80%] 50.62 I/s [01;37m101.64[0m(101.64)Sol/s 279(279.4)W clk=1605MHz mclk=9501MHz Sol/W=0.364
 4>[00;36mRTX 3070     [0m `[00;32m 100% [0m[[00;32m54°C[0m/80%] 27.69 I/s [01;37m 56.29[0m( 56.28)Sol/s 106(105.8)W clk=1455MHz mclk=6800MHz Sol/W=0.532
 5>[00;36mRTX 3070     [0m `[00;32m 100% [0m[[01;34m49°C[0m/80%] 28.13 I/s [01;37m 55.28[0m( 55.29)Sol/s 112(111.8)W clk=1500MHz mclk=6800MHz Sol/W=0.494
[0m[ 0d 0h 3m20s][0m [01;37m408[0m(407.9)Sol/s [0m991[0m(990.9)W
 0>[00;36mRTX 3070     [0m `[00;32m 100% [0m[[00;32m57°C[0m/80%] 28.43 I/s [01;37m 55.83[0m( 55.82)Sol/s 120(119.8)W clk=1500MHz mclk=6800MHz Sol/W=0.466
 1>[00;36mRTX 3090     [0m `[00;32m 100% [0m[[00;33m65°C[0m/80%] 41.43 I/s [01;37m 83.74[0m( 83.73)Sol/s 254(254.2)W clk=1380MHz mclk=9501MHz Sol/W=0.329
 2>[00;36mRTX 3070     [0m `[00;32m 100% [0m[[00;32m58°C[0m/80%] 27.85 I/s [01;37m 54.97[0m( 54.94)Sol/s 120(119.8)W clk=1425MHz mclk=6800MHz Sol/W=0.459
 3>[00;36mRTX 3090     [0m `[00;32m 100% [0m[[00;32m57°C[0m/80%] 50.60 I/s [01;37m101.56[0m(101.57)Sol/s 279(279.4)W clk=1605MHz mclk=9501MHz Sol/W=0.364
 4>[00;36mRTX 3070     [0m `[00;32m 100% [0m[[00;32m54°C[0m/80%] 27.67 I/s [01;37m 56.46[0m( 56.45)Sol/s 106(105.9)W clk=1455MHz mclk=6800MHz Sol/W=0.533
 5>[00;36mRTX 3070     [0m `[00;32m 100% [0m[[00;32m50°C[0m/80%] 28.13 I/s [01;37m 55.17[0m( 55.18)Sol/s 112(111.8)W clk=1500MHz mclk=6800MHz Sol/W=0.493
[0m[ 0d 0h 3m30s][0m [01;37m406[0m(406.1)Sol/s [0m991[0m(990.8)W
 0>[00;36mRTX 3070     [0m `[00;32m 100% [0m[[00;32m57°C[0m/80%] 28.41 I/s [01;37m 55.57[0m( 55.59)Sol/s 120(119.8)W clk=1500MHz mclk=6800MHz Sol/W=0.464
 1>[00;36mRTX 3090     [0m `[00;32m 100% [0m[[00;33m65°C[0m/80%] 41.29 I/s [01;37m 83.41[0m( 83.43)Sol/s 254(254.1)W clk=1740MHz mclk=9501MHz Sol/W=0.328
 2>[00;36mRTX 3070     [0m `[00;32m 100% [0m[[00;32m58°C[0m/80%] 27.83 I/s [01;37m 55.04[0m( 55.01)Sol/s 120(119.8)W clk=1425MHz mclk=6800MHz Sol/W=0.459
 3>[00;36mRTX 3090     [0m `[00;32m 100% [0m[[00;32m57°C[0m/80%] 50.57 I/s [01;37m101.78[0m(101.75)Sol/s 279(279.4)W clk=1590MHz mclk=9501MHz Sol/W=0.364
 4>[00;36mRTX 3070     [0m `[00;32m 100% [0m[[00;32m55°C[0m/80%] 27.64 I/s [01;37m 55.78[0m( 55.84)Sol/s 106(105.9)W clk=1485MHz mclk=6800MHz Sol/W=0.527
 5>[00;36mRTX 3070     [0m `[00;32m 100% [0m[[01;34m49°C[0m/80%] 28.13 I/s [01;37m 55.30[0m( 55.29)Sol/s 112(111.8)W clk=1500MHz mclk=6800MHz Sol/W=0.494
[0m[ 0d 0h 3m40s][0m [01;37m405[0m(405.5)Sol/s [0m992[0m(991.0)W
 0>[00;36mRTX 3070     [0m `[00;32m 100% [0m[[00;32m58°C[0m/80%] 28.38 I/s [01;37m 55.48[0m( 55.51)Sol/s 120(119.8)W clk=1470MHz mclk=6800MHz Sol/W=0.463
 1>[00;36mRTX 3090     [0m `[00;32m 100% [0m[[00;33m65°C[0m/80%] 40.91 I/s [01;37m 82.76[0m( 82.85)Sol/s 255(254.2)W clk=1350MHz mclk=9501MHz Sol/W=0.326
 2>[00;36mRTX 3070     [0m `[00;32m 100% [0m[[00;32m58°C[0m/80%] 27.77 I/s [01;37m 54.66[0m( 54.68)Sol/s 120(119.8)W clk=1470MHz mclk=6800MHz Sol/W=0.456
 3>[00;36mRTX 3090     [0m `[00;32m 100% [0m[[00;32m57°C[0m/80%] 50.55 I/s [01;37m101.72[0m(101.70)Sol/s 280(279.4)W clk=1605MHz mclk=9501MHz Sol/W=0.364
 4>[00;36mRTX 3070     [0m `[00;32m 100% [0m[[00;32m55°C[0m/80%] 27.62 I/s [01;37m 55.36[0m( 55.48)Sol/s 106(105.9)W clk=1455MHz mclk=6800MHz Sol/W=0.524
 5>[00;36mRTX 3070     [0m `[00;32m 100% [0m[[00;32m50°C[0m/80%] 28.14 I/s [01;37m 55.32[0m( 55.31)Sol/s 112(111.8)W clk=1515MHz mclk=6800MHz Sol/W=0.494
[0m[ 0d 0h 3m50s][0m [01;37m405[0m(405.3)Sol/s [0m992[0m(991.1)W
 0>[00;36mRTX 3070     [0m `[00;32m 100% [0m[[00;32m58°C[0m/80%] 28.36 I/s [01;37m 55.70[0m( 55.68)Sol/s 120(119.8)W clk=1500MHz mclk=6800MHz Sol/W=0.465
 1>[00;36mRTX 3090     [0m `[00;32m 100% [0m[[00;33m65°C[0m/80%] 41.08 I/s [01;37m 82.37[0m( 82.53)Sol/s 255(254.4)W clk=1260MHz mclk=9501MHz Sol/W=0.324
 2>[00;36mRTX 3070     [0m `[00;32m 100% [0m[[00;32m58°C[0m/80%][01;32m*[0m27.77 I/s [01;37m 54.63[0m( 54.66)Sol/s 120(119.8)W clk=1425MHz mclk=6800MHz Sol/W=0.456
 3>[00;36mRTX 3090     [0m `[00;32m 100% [0m[[00;32m58°C[0m/81%] 50.54 I/s [01;37m101.48[0m(101.51)Sol/s 279(279.4)W clk=1590MHz mclk=9501MHz Sol/W=0.363
 4>[00;36mRTX 3070     [0m `[00;32m 100% [0m[[00;32m55°C[0m/80%] 27.60 I/s [01;37m 55.48[0m( 55.57)Sol/s 106(105.9)W clk=1410MHz mclk=6800MHz Sol/W=0.525
 5>[00;36mRTX 3070     [0m `[00;32m 100% [0m[[00;32m50°C[0m/80%] 28.14 I/s [01;37m 55.17[0m( 55.18)Sol/s 112(111.8)W clk=1500MHz mclk=6800MHz Sol/W=0.493
[22;33m[ 0d 0h 4m00s][0m [01;37m405[0m(405.1)Sol/s [0m991[0m(991.0)W
 0>[00;36mRTX 3070     [0m `[00;32m 100% [0m[[00;32m58°C[0m/80%] 28.34 I/s [01;37m 55.67[0m( 55.66)Sol/s 120(119.8)W clk=1455MHz mclk=6800MHz Sol/W=0.465
 1>[00;36mRTX 3090     [0m `[00;32m 100% [0m[[00;33m66°C[0m/80%] 40.97 I/s [01;37m 81.87[0m( 82.13)Sol/s 254(254.3)W clk=1320MHz mclk=9501MHz Sol/W=0.323
 2>[00;36mRTX 3070     [0m `[00;32m 100% [0m[[00;32m58°C[0m/80%] 27.78 I/s [01;37m 54.81[0m( 54.79)Sol/s 120(119.8)W clk=1440MHz mclk=6800MHz Sol/W=0.457
 3>[00;36mRTX 3090     [0m `[00;32m 100% [0m[[00;32m58°C[0m/80%] 50.52 I/s [01;37m101.43[0m(101.46)Sol/s 279(279.4)W clk=1605MHz mclk=9501MHz Sol/W=0.363
 4>[00;36mRTX 3070     [0m `[00;32m 100% [0m[[00;32m55°C[0m/80%] 27.58 I/s [01;37m 55.26[0m( 55.39)Sol/s 106(105.9)W clk=1470MHz mclk=6800MHz Sol/W=0.523
 5>[00;36mRTX 3070     [0m `[00;32m 100% [0m[[00;32m50°C[0m/80%] 28.13 I/s [01;37m 55.71[0m( 55.61)Sol/s 112(111.8)W clk=1500MHz mclk=6800MHz Sol/W=0.497
[0m[ 0d 0h 4m10s][0m [01;37m403[0m(403.9)Sol/s [0m991[0m(990.9)W
 0>[00;36mRTX 3070     [0m `[00;32m 100% [0m[[00;32m58°C[0m/80%] 28.32 I/s [01;37m 55.97[0m( 55.89)Sol/s 120(119.8)W clk=1500MHz mclk=6800MHz Sol/W=0.466
 1>[00;36mRTX 3090     [0m `[00;32m 100% [0m[[00;33m65°C[0m/80%] 40.72 I/s [01;37m 80.73[0m( 81.25)Sol/s 254(254.2)W clk=1200MHz mclk=9501MHz Sol/W=0.320
 2>[00;36mRTX 3070     [0m `[00;32m 100% [0m[[00;32m59°C[0m/80%] 27.78 I/s [01;37m 54.85[0m( 54.83)Sol/s 120(119.8)W clk=1500MHz mclk=6800MHz Sol/W=0.458
 3>[00;36mRTX 3090     [0m `[00;32m 100% [0m[[00;32m58°C[0m/80%] 50.51 I/s [01;37m101.03[0m(101.16)Sol/s 279(279.4)W clk=1590MHz mclk=9501MHz Sol/W=0.362
 4>[00;36mRTX 3070     [0m `[00;32m 100% [0m[[00;32m55°C[0m/80%] 27.56 I/s [01;37m 55.14[0m( 55.29)Sol/s 106(105.9)W clk=1440MHz mclk=6800MHz Sol/W=0.522
 5>[00;36mRTX 3070     [0m `[00;32m 100% [0m[[00;32m50°C[0m/80%] 28.13 I/s [01;37m 55.92[0m( 55.78)Sol/s 112(111.8)W clk=1500MHz mclk=6800MHz Sol/W=0.499
[22;33m[ 0d 0h 4m20s][0m [01;37m403[0m(403.4)Sol/s [0m990[0m(990.8)W
 0>[00;36mRTX 3070     [0m `[00;32m 100% [0m[[00;32m58°C[0m/80%] 28.28 I/s [01;37m 55.67[0m( 55.68)Sol/s 120(119.8)W clk=1515MHz mclk=6800MHz Sol/W=0.465
 1>[00;36mRTX 3090     [0m `[00;32m 100% [0m[[00;33m66°C[0m/80%] 40.38 I/s [01;37m 80.04[0m( 80.67)Sol/s 253(254.1)W clk=1755MHz mclk=9501MHz Sol/W=0.317
 2>[00;36mRTX 3070     [0m `[00;32m 100% [0m[[00;32m59°C[0m/80%] 27.78 I/s [01;37m 54.85[0m( 54.83)Sol/s 120(119.8)W clk=1470MHz mclk=6800MHz Sol/W=0.458
 3>[00;36mRTX 3090     [0m `[00;32m 100% [0m[[00;32m58°C[0m/80%] 50.48 I/s [01;37m100.77[0m(100.98)Sol/s 279(279.4)W clk=1605MHz mclk=9501MHz Sol/W=0.361
 4>[00;36mRTX 3070     [0m `[00;32m 100% [0m[[00;32m56°C[0m/80%] 27.51 I/s [01;37m 55.18[0m( 55.30)Sol/s 106(105.9)W clk=1440MHz mclk=6800MHz Sol/W=0.522
 5>[00;36mRTX 3070     [0m `[00;32m 100% [0m[[00;32m50°C[0m/80%] 28.12 I/s [01;37m 56.20[0m( 56.00)Sol/s 112(111.8)W clk=1500MHz mclk=6800MHz Sol/W=0.501
[0m[ 0d 0h 4m30s][0m [01;37m403[0m(403.6)Sol/s [0m990[0m(990.8)W
 0>[00;36mRTX 3070     [0m `[00;32m 100% [0m[[00;32m59°C[0m/80%] 28.26 I/s [01;37m 55.73[0m( 55.72)Sol/s 120(119.8)W clk=1500MHz mclk=6800MHz Sol/W=0.465
 1>[00;36mRTX 3090     [0m `[00;32m 100% [0m[[00;33m66°C[0m/80%] 40.27 I/s [01;37m 79.91[0m( 80.54)Sol/s 254(254.1)W clk=1290MHz mclk=9501MHz Sol/W=0.317
 2>[00;36mRTX 3070     [0m `[00;32m 100% [0m[[00;32m59°C[0m/80%] 27.79 I/s [01;37m 55.12[0m( 55.02)Sol/s 120(119.8)W clk=1485MHz mclk=6800MHz Sol/W=0.459
 3>[00;36mRTX 3090     [0m `[00;32m 100% [0m[[00;32m58°C[0m/80%] 50.47 I/s [01;37m101.01[0m(101.13)Sol/s 279(279.4)W clk=1605MHz mclk=9501MHz Sol/W=0.362
 4>[00;36mRTX 3070     [0m `[00;32m 100% [0m[[00;32m56°C[0m/80%] 27.47 I/s [01;37m 54.98[0m( 55.16)Sol/s 106(105.9)W clk=1410MHz mclk=6800MHz Sol/W=0.521
 5>[00;36mRTX 3070     [0m `[00;32m 100% [0m[[00;32m50°C[0m/80%] 28.12 I/s [01;37m 56.54[0m( 56.24)Sol/s 112(111.8)W clk=1500MHz mclk=6800MHz Sol/W=0.503
[0m[ 0d 0h 4m40s][0m [01;37m404[0m(404.3)Sol/s [0m991[0m(990.8)W
 0>[00;36mRTX 3070     [0m `[00;32m 100% [0m[[00;32m59°C[0m/80%] 28.23 I/s [01;37m 56.08[0m( 55.96)Sol/s 120(119.8)W clk=1485MHz mclk=6800MHz Sol/W=0.467
 1>[00;36mRTX 3090     [0m `[00;32m 100% [0m[[00;33m66°C[0m/80%] 40.46 I/s [01;37m 80.72[0m( 81.05)Sol/s 254(254.1)W clk=1275MHz mclk=9501MHz Sol/W=0.319
 2>[00;36mRTX 3070     [0m `[00;32m 100% [0m[[00;32m59°C[0m/80%] 27.79 I/s [01;37m 54.98[0m( 54.93)Sol/s 120(119.8)W clk=1425MHz mclk=6800MHz Sol/W=0.459
 3>[00;36mRTX 3090     [0m `[00;32m 100% [0m[[00;32m58°C[0m/80%] 50.46 I/s [01;37m101.07[0m(101.16)Sol/s 279(279.4)W clk=1605MHz mclk=9501MHz Sol/W=0.362
 4>[00;36mRTX 3070     [0m `[00;32m 100% [0m[[00;32m56°C[0m/80%] 27.44 I/s [01;37m 54.80[0m( 55.02)Sol/s 106(105.9)W clk=1455MHz mclk=6800MHz Sol/W=0.520
 5>[00;36mRTX 3070     [0m `[00;32m 100% [0m[[00;32m50°C[0m/80%][01;32m*[0m28.12 I/s [01;37m 56.32[0m( 56.12)Sol/s 112(111.8)W clk=1485MHz mclk=6800MHz Sol/W=0.502
[0m[ 0d 0h 4m50s][0m [01;37m403[0m(403.9)Sol/s [0m991[0m(990.9)W
 0>[00;36mRTX 3070     [0m `[00;32m 100% [0m[[00;32m59°C[0m/80%] 28.21 I/s [01;37m 55.95[0m( 55.88)Sol/s 120(119.8)W clk=1455MHz mclk=6800MHz Sol/W=0.466
 1>[00;36mRTX 3090     [0m `[00;32m 100% [0m[[00;33m66°C[0m/80%] 40.55 I/s [01;37m 81.28[0m( 81.40)Sol/s 254(254.1)W clk=1275MHz mclk=9501MHz Sol/W=0.320
 2>[00;36mRTX 3070     [0m `[00;32m 100% [0m[[00;32m59°C[0m/80%] 27.78 I/s [01;37m 54.78[0m( 54.80)Sol/s 120(119.8)W clk=1485MHz mclk=6800MHz Sol/W=0.458
 3>[00;36mRTX 3090     [0m `[00;32m 100% [0m[[00;32m58°C[0m/80%] 50.45 I/s [01;37m100.98[0m(101.10)Sol/s 279(279.4)W clk=1590MHz mclk=9501MHz Sol/W=0.362
 4>[00;36mRTX 3070     [0m `[00;32m 100% [0m[[00;32m56°C[0m/80%] 27.42 I/s [01;37m 54.92[0m( 55.09)Sol/s 106(105.9)W clk=1455MHz mclk=6800MHz Sol/W=0.520
 5>[00;36mRTX 3070     [0m `[00;32m 100% [0m[[00;32m50°C[0m/80%] 28.11 I/s [01;37m 56.35[0m( 56.14)Sol/s 112(111.8)W clk=1500MHz mclk=6800MHz Sol/W=0.502
[0m[ 0d 0h 5m00s][0m [01;37m403[0m(403.3)Sol/s [0m992[0m(991.0)W
 0>[00;36mRTX 3070     [0m `[00;32m 100% [0m[[00;32m59°C[0m/80%] 28.15 I/s [01;37m 55.98[0m( 55.90)Sol/s 120(119.8)W clk=1485MHz mclk=6800MHz Sol/W=0.466
 1>[00;36mRTX 3090     [0m `[00;32m 100% [0m[[00;33m67°C[0m/80%] 40.30 I/s [01;37m 80.78[0m( 81.06)Sol/s 255(254.2)W clk=1305MHz mclk=9501MHz Sol/W=0.319
 2>[00;36mRTX 3070     [0m `[00;32m 100% [0m[[00;33m60°C[0m/80%] 27.77 I/s [01;37m 55.01[0m( 54.94)Sol/s 120(119.8)W clk=1500MHz mclk=6800MHz Sol/W=0.459
 3>[00;36mRTX 3090     [0m `[00;32m 100% [0m[[00;32m58°C[0m/80%] 50.43 I/s [01;37m100.58[0m(100.85)Sol/s 280(279.4)W clk=1590MHz mclk=9501MHz Sol/W=0.361
 4>[00;36mRTX 3070     [0m `[00;32m 100% [0m[[00;32m56°C[0m/80%] 27.38 I/s [01;37m 54.14[0m( 54.58)Sol/s 106(105.9)W clk=1425MHz mclk=6800MHz Sol/W=0.516
 5>[00;36mRTX 3070     [0m `[00;32m 100% [0m[[00;32m50°C[0m/80%] 28.12 I/s [01;37m 56.09[0m( 56.00)Sol/s 112(111.8)W clk=1500MHz mclk=6800MHz Sol/W=0.501
